Performing C SOURCE FILE Test CMAKE_HAVE_LIBC_PTHREAD failed with the following output:
Change Dir: /home/cosmosclub/Desktop/JetsonGPIO/CMakeFiles/CMakeTmp

Run Build Command(s):/usr/bin/make cmTC_c2cab/fast && /usr/bin/make  -f CMakeFiles/cmTC_c2cab.dir/build.make CMakeFiles/cmTC_c2cab.dir/build
make[1]: Entering directory '/home/cosmosclub/Desktop/JetsonGPIO/CMakeFiles/CMakeTmp'
Building C object CMakeFiles/cmTC_c2cab.dir/src.c.o
/usr/bin/cc   -DCMAKE_HAVE_LIBC_PTHREAD -o CMakeFiles/cmTC_c2cab.dir/src.c.o -c /home/cosmosclub/Desktop/JetsonGPIO/CMakeFiles/CMakeTmp/src.c
Linking C executable cmTC_c2cab
/usr/local/bin/cmake -E cmake_link_script CMakeFiles/cmTC_c2cab.dir/link.txt --verbose=1
/usr/bin/cc  -DCMAKE_HAVE_LIBC_PTHREAD -rdynamic CMakeFiles/cmTC_c2cab.dir/src.c.o -o cmTC_c2cab 
CMakeFiles/cmTC_c2cab.dir/src.c.o: In function `main':
src.c:(.text+0x48): undefined reference to `pthread_create'
src.c:(.text+0x50): undefined reference to `pthread_detach'
src.c:(.text+0x58): undefined reference to `pthread_cancel'
src.c:(.text+0x64): undefined reference to `pthread_join'
src.c:(.text+0x74): undefined reference to `pthread_atfork'
collect2: error: ld returned 1 exit status
CMakeFiles/cmTC_c2cab.dir/build.make:105: recipe for target 'cmTC_c2cab' failed
make[1]: *** [cmTC_c2cab] Error 1
make[1]: Leaving directory '/home/cosmosclub/Desktop/JetsonGPIO/CMakeFiles/CMakeTmp'
Makefile:140: recipe for target 'cmTC_c2cab/fast' failed
make: *** [cmTC_c2cab/fast] Error 2


Source file was:
#include <pthread.h>

void* test_func(void* data)
{
  return data;
}

int main(void)
{
  pthread_t thread;
  pthread_create(&thread, NULL, test_func, NULL);
  pthread_detach(thread);
  pthread_cancel(thread);
  pthread_join(thread, NULL);
  pthread_atfork(NULL, NULL, NULL);
  pthread_exit(NULL);

  return 0;
}

Determining if the function pthread_create exists in the pthreads failed with the following output:
Change Dir: /home/cosmosclub/Desktop/JetsonGPIO/CMakeFiles/CMakeTmp

Run Build Command(s):/usr/bin/make cmTC_0a5cb/fast && /usr/bin/make  -f CMakeFiles/cmTC_0a5cb.dir/build.make CMakeFiles/cmTC_0a5cb.dir/build
make[1]: Entering directory '/home/cosmosclub/Desktop/JetsonGPIO/CMakeFiles/CMakeTmp'
Building C object CMakeFiles/cmTC_0a5cb.dir/CheckFunctionExists.c.o
/usr/bin/cc   -DCHECK_FUNCTION_EXISTS=pthread_create -o CMakeFiles/cmTC_0a5cb.dir/CheckFunctionExists.c.o -c /usr/local/share/cmake-3.18/Modules/CheckFunctionExists.c
Linking C executable cmTC_0a5cb
/usr/local/bin/cmake -E cmake_link_script CMakeFiles/cmTC_0a5cb.dir/link.txt --verbose=1
/usr/bin/cc  -DCHECK_FUNCTION_EXISTS=pthread_create -rdynamic CMakeFiles/cmTC_0a5cb.dir/CheckFunctionExists.c.o -o cmTC_0a5cb  -lpthreads 
/usr/bin/ld: cannot find -lpthreads
collect2: error: ld returned 1 exit status
CMakeFiles/cmTC_0a5cb.dir/build.make:105: recipe for target 'cmTC_0a5cb' failed
make[1]: *** [cmTC_0a5cb] Error 1
make[1]: Leaving directory '/home/cosmosclub/Desktop/JetsonGPIO/CMakeFiles/CMakeTmp'
Makefile:140: recipe for target 'cmTC_0a5cb/fast' failed
make: *** [cmTC_0a5cb/fast] Error 2



